c:\users\runsv\desktop\big_projects\bsp\xlive\alterbattlestations\xlivelessness\obj\debug\vc142.pdb
c:\users\runsv\desktop\big_projects\bsp\xlive\alterbattlestations\xlivelessness\obj\debug\vc142.idb
c:\users\runsv\desktop\big_projects\bsp\xlive\alterbattlestations\xlivelessness\obj\debug\xuser.obj
c:\users\runsv\desktop\big_projects\bsp\xlive\alterbattlestations\xlivelessness\obj\debug\xstorage.obj
c:\users\runsv\desktop\big_projects\bsp\xlive\alterbattlestations\xlivelessness\obj\debug\xsocket.obj
c:\users\runsv\desktop\big_projects\bsp\xlive\alterbattlestations\xlivelessness\obj\debug\xshow.obj
c:\users\runsv\desktop\big_projects\bsp\xlive\alterbattlestations\xlivelessness\obj\debug\xsession.obj
c:\users\runsv\desktop\big_projects\bsp\xlive\alterbattlestations\xlivelessness\obj\debug\xrender.obj
c:\users\runsv\desktop\big_projects\bsp\xlive\alterbattlestations\xlivelessness\obj\debug\xnetqos.obj
c:\users\runsv\desktop\big_projects\bsp\xlive\alterbattlestations\xlivelessness\obj\debug\xnet.obj
c:\users\runsv\desktop\big_projects\bsp\xlive\alterbattlestations\xlivelessness\obj\debug\xlocator.obj
c:\users\runsv\desktop\big_projects\bsp\xlive\alterbattlestations\xlivelessness\obj\debug\xlive.obj
c:\users\runsv\desktop\big_projects\bsp\xlive\alterbattlestations\xlivelessness\obj\debug\voice.obj
c:\users\runsv\desktop\big_projects\bsp\xlive\alterbattlestations\xlivelessness\obj\debug\netentity.obj
c:\users\runsv\desktop\big_projects\bsp\xlive\alterbattlestations\xlivelessness\obj\debug\easyloggingpp.obj
c:\users\runsv\desktop\big_projects\bsp\xlive\alterbattlestations\xlivelessness\obj\debug\lua.obj
c:\users\runsv\desktop\big_projects\bsp\xlive\alterbattlestations\xlivelessness\obj\debug\log.obj
c:\users\runsv\desktop\big_projects\bsp\xlive\alterbattlestations\xlivelessness\obj\debug\launch.obj
c:\users\runsv\desktop\big_projects\bsp\xlive\alterbattlestations\xlivelessness\obj\debug\content.obj
c:\users\runsv\desktop\big_projects\bsp\xlive\alterbattlestations\xlivelessness\obj\debug\global.obj
c:\users\runsv\desktop\big_projects\bsp\xlive\alterbattlestations\xlivelessness\obj\debug\main.obj
c:\users\runsv\desktop\big_projects\bsp\xlive\alterbattlestations\xlivelessness\obj\debug\alterbsp.obj
c:\users\runsv\desktop\big_projects\bsp\xlive\alterbattlestations\xlivelessness\obj\debug\xlln.obj
c:\users\runsv\desktop\big_projects\bsp\xlive\alterbattlestations\xlivelessness\obj\debug\randname.obj
c:\users\runsv\desktop\big_projects\bsp\xlive\alterbattlestations\xlivelessness\obj\debug\debugtext.obj
c:\users\runsv\desktop\big_projects\bsp\xlive\alterbattlestations\xlivelessness\obj\debug\xwsa.obj
c:\users\runsv\desktop\big_projects\bsp\xlive\alterbattlestations\xlivelessness\obj\debug\subhook.obj
c:\users\runsv\desktop\big_projects\bsp\xlive\alterbattlestations\out\xlive\debug\xlive.ilk
c:\users\runsv\desktop\big_projects\bsp\xlive\alterbattlestations\out\xlive\debug\xlive.dll
c:\users\runsv\desktop\big_projects\bsp\xlive\alterbattlestations\out\xlive\debug\xlive.pdb
c:\users\runsv\desktop\big_projects\bsp\xlive\alterbattlestations\xlivelessness\obj\debug\xlive.res
c:\users\runsv\desktop\big_projects\bsp\xlive\alterbattlestations\out\xlive\debug\xlive.lib
c:\users\runsv\desktop\big_projects\bsp\xlive\alterbattlestations\out\xlive\debug\xlive.exp
c:\users\runsv\desktop\big_projects\bsp\xlive\alterbattlestations\xlivelessness\obj\debug\xlive.tlog\cl.command.1.tlog
c:\users\runsv\desktop\big_projects\bsp\xlive\alterbattlestations\xlivelessness\obj\debug\xlive.tlog\cl.read.1.tlog
c:\users\runsv\desktop\big_projects\bsp\xlive\alterbattlestations\xlivelessness\obj\debug\xlive.tlog\cl.write.1.tlog
c:\users\runsv\desktop\big_projects\bsp\xlive\alterbattlestations\xlivelessness\obj\debug\xlive.tlog\link.command.1.tlog
c:\users\runsv\desktop\big_projects\bsp\xlive\alterbattlestations\xlivelessness\obj\debug\xlive.tlog\link.read.1.tlog
c:\users\runsv\desktop\big_projects\bsp\xlive\alterbattlestations\xlivelessness\obj\debug\xlive.tlog\link.write.1.tlog
c:\users\runsv\desktop\big_projects\bsp\xlive\alterbattlestations\xlivelessness\obj\debug\xlive.tlog\rc.command.1.tlog
c:\users\runsv\desktop\big_projects\bsp\xlive\alterbattlestations\xlivelessness\obj\debug\xlive.tlog\rc.read.1.tlog
c:\users\runsv\desktop\big_projects\bsp\xlive\alterbattlestations\xlivelessness\obj\debug\xlive.tlog\rc.write.1.tlog
c:\users\runsv\desktop\big_projects\bsp\xlive\alterbattlestations\xlivelessness\obj\debug\xlive.tlog\xlive.write.1u.tlog
